apptouch/build/intermediates/manifest_merge_blame_file/debug/manifest-merger-blame-debug-report.txt
1<?xml version="1.0" encoding="utf-8"?>
2<manifest xmlns:android="http://schemas.android.com/apk/res/android"
3    package="com.espressif.iot_esptouch_demo"
4    android:versionCode="20"
5    android:versionName="0.3.7.0" >
6
7    <uses-sdk
8        android:minSdkVersion="23"
8-->src\main\AndroidManifest.xml
9        android:targetSdkVersion="29" />
9-->src\main\AndroidManifest.xml
10
11    <uses-permission android:name="android.permission.INTERNET" />
11-->src\main\AndroidManifest.xml:5:5-67
11-->src\main\AndroidManifest.xml:5:22-64
12    <uses-permission android:name="android.permission.ACCESS_WIFI_STATE" />
12-->src\main\AndroidManifest.xml:6:5-76
12-->src\main\AndroidManifest.xml:6:22-73
13    <uses-permission android:name="android.permission.ACCESS_NETWORK_STATE" />
13-->src\main\AndroidManifest.xml:7:5-79
13-->src\main\AndroidManifest.xml:7:22-76
14    <uses-permission android:name="android.permission.CHANGE_WIFI_MULTICAST_STATE" />
14-->src\main\AndroidManifest.xml:8:5-86
14-->src\main\AndroidManifest.xml:8:22-83
15    <uses-permission android:name="android.permission.CHANGE_WIFI_STATE" />
15-->src\main\AndroidManifest.xml:9:5-76
15-->src\main\AndroidManifest.xml:9:22-73
16    <uses-permission android:name="android.permission.ACCESS_COARSE_LOCATION" />
16-->src\main\AndroidManifest.xml:10:5-81
16-->src\main\AndroidManifest.xml:10:22-78
17    <uses-permission android:name="android.permission.ACCESS_BACKGROUND_LOCATION" />
17-->src\main\AndroidManifest.xml:11:5-84
17-->src\main\AndroidManifest.xml:11:22-82
18    <uses-permission android:name="android.permission.ACCESS_FINE_LOCATION" />
18-->src\main\AndroidManifest.xml:12:5-78
18-->src\main\AndroidManifest.xml:12:22-76
19
20    <application android:allowBackup="true" >
20-->src\main\AndroidManifest.xml:14:5-21:19
20-->src\main\AndroidManifest.xml:15:9-35
21        <activity
21-->src\main\AndroidManifest.xml:16:9-20:20
22            android:name="com.espressif.iot.esptouch.demo_activity.EsptouchDemoActivity"
22-->src\main\AndroidManifest.xml:17:13-89
23            android:screenOrientation="portrait" >
23-->src\main\AndroidManifest.xml:18:13-49
24        </activity>
25    </application>
26
27</manifest>